<?xml version="1.0" encoding="UTF-8"?>
<!-- Generated by org.testng.reporters.JUnitReportReporter -->
<testsuite hostname="DESKTOP-V76S8CV" failures="0" tests="3" name="com.fb.qa.testcases.HomePageTest" time="27.515" errors="0" timestamp="2022-09-24T15:34:22 IST" skipped="0">
  <testcase classname="com.fb.qa.testcases.HomePageTest" name="verifyHomePageTest" time="9.199"/>
  <system-out/>
  <testcase classname="com.fb.qa.testcases.HomePageTest" name="verifyUserNameTest" time="8.568"/>
  <system-out/>
  <testcase classname="com.fb.qa.testcases.HomePageTest" name="verifyReelsLinkTest" time="9.748"/>
  <system-out/>
</testsuite> <!-- com.fb.qa.testcases.HomePageTest -->
