<?xml version="1.0" encoding="UTF-8"?>
<!-- Generated by org.testng.reporters.JUnitReportReporter -->
<testsuite hostname="DESKTOP-V76S8CV" failures="0" tests="5" name="com.fb.qa.testcases.FindFriendsTest" time="55.436" errors="0" timestamp="2022-09-24T15:34:22 IST" skipped="0">
  <testcase classname="com.fb.qa.testcases.FindFriendsTest" name="verifyFindFriendsTitleTest" time="9.257"/>
  <system-out/>
  <testcase classname="com.fb.qa.testcases.FindFriendsTest" name="verifyFriendRequestLink" time="11.311"/>
  <system-out/>
  <testcase classname="com.fb.qa.testcases.FindFriendsTest" name="verifySuggestionsLink" time="13.322"/>
  <system-out/>
  <testcase classname="com.fb.qa.testcases.FindFriendsTest" name="verifyBirthdaysLink" time="9.532"/>
  <system-out/>
  <testcase classname="com.fb.qa.testcases.FindFriendsTest" name="verifyCustomsLink" time="12.014"/>
  <system-out/>
</testsuite> <!-- com.fb.qa.testcases.FindFriendsTest -->
