<?xml version="1.0" encoding="UTF-8"?>
<!-- Generated by org.testng.reporters.JUnitReportReporter -->
<testsuite hostname="DESKTOP-V76S8CV" failures="0" tests="3" name="com.fb.qa.testcases.ReelsPageTest" time="27.436" errors="0" timestamp="2022-09-24T15:34:22 IST" skipped="0">
  <testcase classname="com.fb.qa.testcases.ReelsPageTest" name="verifyReelsPageLabel" time="9.433"/>
  <system-out/>
  <testcase classname="com.fb.qa.testcases.ReelsPageTest" name="selectReelsTest" time="9.490"/>
  <system-out/>
  <testcase classname="com.fb.qa.testcases.ReelsPageTest" name="verifyUserNameTest" time="8.513"/>
  <system-out/>
</testsuite> <!-- com.fb.qa.testcases.ReelsPageTest -->
