<?xml version="1.0" encoding="UTF-8"?>
<!-- Generated by org.testng.reporters.JUnitReportReporter -->
<testsuite hostname="DESKTOP-V76S8CV" failures="0" tests="6" name="com.fb.qa.testcases.LoginPageTest" time="35.231" errors="0" timestamp="2022-09-24T15:34:22 IST" skipped="0">
  <testcase classname="com.fb.qa.testcases.LoginPageTest" name="multipleLoginTest" time="6.693"/>
  <system-out/>
  <testcase classname="com.fb.qa.testcases.LoginPageTest" name="multipleLoginTest" time="6.846"/>
  <system-out/>
  <testcase classname="com.fb.qa.testcases.LoginPageTest" name="multipleLoginTest" time="7.106"/>
  <system-out/>
  <testcase classname="com.fb.qa.testcases.LoginPageTest" name="multipleLoginTest" time="6.909"/>
  <system-out/>
  <testcase classname="com.fb.qa.testcases.LoginPageTest" name="loginPageTitleTest" time="3.612"/>
  <system-out/>
  <testcase classname="com.fb.qa.testcases.LoginPageTest" name="loginTest" time="4.065"/>
  <system-out/>
</testsuite> <!-- com.fb.qa.testcases.LoginPageTest -->
