<?xml version="1.0" encoding="UTF-8"?>
<!-- Generated by org.testng.reporters.JUnitReportReporter -->
<testsuite hostname="DESKTOP-V76S8CV" failures="0" tests="2" name="com.fb.qa.testcases.SignUpPageTest" time="9.525" errors="0" timestamp="2022-09-24T15:34:22 IST" skipped="0">
  <testcase classname="com.fb.qa.testcases.SignUpPageTest" name="signUpPageTitleTest" time="3.725"/>
  <system-out/>
  <testcase classname="com.fb.qa.testcases.SignUpPageTest" name="SignUpTest" time="5.800"/>
  <system-out/>
</testsuite> <!-- com.fb.qa.testcases.SignUpPageTest -->
